<?xml version="1.0" encoding="UTF-8"?>
<!-- Generated by org.testng.reporters.JUnitXMLReporter -->
<testsuite ignored="3" hostname="TYSS-Mohammad-Adil" failures="0" tests="1" name="Default test" time="42.433" errors="0" timestamp="2026-08-10T15:56:07 IST">
  <testcase classname="com.company.categorytests.CategoryTest" name="verifyPrimeVideoSignInPage" time="37.392"/>
  <testcase classname="com.company.categorytests.CategoryTest" name="verifyNavigationToCustomerServicePage" time="0.0">
    <ignored/>
  </testcase> <!-- verifyNavigationToCustomerServicePage -->
  <testcase classname="com.company.categorytests.CategoryTest" name="verifyAddToCartFromCategory" time="0.0">
    <ignored/>
  </testcase> <!-- verifyAddToCartFromCategory -->
  <testcase classname="com.company.categorytests.CategoryTest" name="verifyNavigationToBestSellersPage" time="0.0">
    <ignored/>
  </testcase> <!-- verifyNavigationToBestSellersPage -->
</testsuite> <!-- Default test -->
