<?xml version="1.0" encoding="UTF-8"?>
<!-- Generated by org.testng.reporters.JUnitXMLReporter -->
<testsuite ignored="1" hostname="DESKTOP-D4N01GG" failures="0" tests="1" name="Default test" time="17.426" errors="0" timestamp="2026-08-10T16:05:55 IST">
  <testcase classname="com.company.searchModule.SearchPageTest" name="searchWithSpecialCharacters" time="17.375"/>
  <testcase classname="com.company.searchModule.SearchPageTest" name="searchWithExistingProducts" time="0.0">
    <ignored/>
  </testcase> <!-- searchWithExistingProducts -->
</testsuite> <!-- Default test -->
