<?xml version="1.0" encoding="UTF-8"?>
<testng-results ignored="0" total="5" passed="4" failed="1" skipped="0">
  <reporter-output>
  </reporter-output>
  <suite started-at="2026-08-10T16:25:42 IST" name="Default suite" finished-at="2026-08-10T16:27:49 IST" duration-ms="127333">
    <groups>
      <group name="Smoke">
        <method signature="CategoryTest.verifyAddToCartFromCategory()[pri:0, instance:com.company.categorytests.CategoryTest@4e9658b5]" name="verifyAddToCartFromCategory" class="com.company.categorytests.CategoryTest"/>
        <method signature="CategoryTest.verifyNavigationToBestSellersPage()[pri:0, instance:com.company.categorytests.CategoryTest@4e9658b5]" name="verifyNavigationToBestSellersPage" class="com.company.categorytests.CategoryTest"/>
        <method signature="CategoryTest.verifyNavigationToCustomerServicePage()[pri:0, instance:com.company.categorytests.CategoryTest@4e9658b5]" name="verifyNavigationToCustomerServicePage" class="com.company.categorytests.CategoryTest"/>
        <method signature="CategoryTest.verifyPrimeVideoSignInPage()[pri:0, instance:com.company.categorytests.CategoryTest@4e9658b5]" name="verifyPrimeVideoSignInPage" class="com.company.categorytests.CategoryTest"/>
        <method signature="CategoryTest.verifySmartWatchPageFromMobileCategory()[pri:0, instance:com.company.categorytests.CategoryTest@4e9658b5]" name="verifySmartWatchPageFromMobileCategory" class="com.company.categorytests.CategoryTest"/>
      </group> <!-- Smoke -->
    </groups>
    <test started-at="2026-08-10T16:25:42 IST" name="Default test" finished-at="2026-08-10T16:27:49 IST" duration-ms="127333">
      <class name="com.company.categorytests.CategoryTest">
        <test-method is-config="true" signature="beforeSuite()[pri:0, instance:com.company.categorytests.CategoryTest@4e9658b5]" started-at="2026-08-10T16:25:42 IST" name="beforeSuite" finished-at="2026-08-10T16:25:42 IST" duration-ms="53" status="PASS">
          <reporter-output>
          </reporter-output>
        </test-method> <!-- beforeSuite -->
        <test-method is-config="true" signature="setUp(java.lang.reflect.Method)[pri:0, instance:com.company.categorytests.CategoryTest@4e9658b5]" started-at="2026-08-10T16:25:42 IST" name="setUp" finished-at="2026-08-10T16:25:46 IST" duration-ms="4071" status="PASS">
          <params>
            <param index="0">
              <value>
                <![CDATA[public void com.company.categorytests.CategoryTest.verifyAddToCartFromCategory()]]>
              </value>
            </param>
          </params>
          <reporter-output>
          </reporter-output>
        </test-method> <!-- setUp -->
        <test-method signature="verifyAddToCartFromCategory()[pri:0, instance:com.company.categorytests.CategoryTest@4e9658b5]" started-at="2026-08-10T16:25:46 IST" name="verifyAddToCartFromCategory" description="CA003_Verify the user can add a product to the cart from Today&#039;s Deals Category" finished-at="2026-08-10T16:26:29 IST" duration-ms="43177" status="PASS">
          <reporter-output>
          </reporter-output>
        </test-method> <!-- verifyAddToCartFromCategory -->
        <test-method is-config="true" signature="tearDown()[pri:0, instance:com.company.categorytests.CategoryTest@4e9658b5]" started-at="2026-08-10T16:26:29 IST" name="tearDown" finished-at="2026-08-10T16:26:30 IST" duration-ms="717" status="PASS">
          <reporter-output>
          </reporter-output>
        </test-method> <!-- tearDown -->
        <test-method is-config="true" signature="setUp(java.lang.reflect.Method)[pri:0, instance:com.company.categorytests.CategoryTest@4e9658b5]" started-at="2026-08-10T16:26:30 IST" name="setUp" finished-at="2026-08-10T16:26:34 IST" duration-ms="3873" status="PASS">
          <params>
            <param index="0">
              <value>
                <![CDATA[public void com.company.categorytests.CategoryTest.verifyNavigationToBestSellersPage()]]>
              </value>
            </param>
          </params>
          <reporter-output>
          </reporter-output>
        </test-method> <!-- setUp -->
        <test-method signature="verifyNavigationToBestSellersPage()[pri:0, instance:com.company.categorytests.CategoryTest@4e9658b5]" started-at="2026-08-10T16:26:34 IST" name="verifyNavigationToBestSellersPage" description="CA001_Verify a user can navigate to Best Sellers page from Category navigation" finished-at="2026-08-10T16:26:37 IST" duration-ms="3100" status="PASS">
          <reporter-output>
          </reporter-output>
        </test-method> <!-- verifyNavigationToBestSellersPage -->
        <test-method is-config="true" signature="tearDown()[pri:0, instance:com.company.categorytests.CategoryTest@4e9658b5]" started-at="2026-08-10T16:26:37 IST" name="tearDown" finished-at="2026-08-10T16:26:38 IST" duration-ms="498" status="PASS">
          <reporter-output>
          </reporter-output>
        </test-method> <!-- tearDown -->
        <test-method is-config="true" signature="setUp(java.lang.reflect.Method)[pri:0, instance:com.company.categorytests.CategoryTest@4e9658b5]" started-at="2026-08-10T16:26:38 IST" name="setUp" finished-at="2026-08-10T16:26:40 IST" duration-ms="2223" status="PASS">
          <params>
            <param index="0">
              <value>
                <![CDATA[public void com.company.categorytests.CategoryTest.verifyNavigationToCustomerServicePage()]]>
              </value>
            </param>
          </params>
          <reporter-output>
          </reporter-output>
        </test-method> <!-- setUp -->
        <test-method signature="verifyNavigationToCustomerServicePage()[pri:0, instance:com.company.categorytests.CategoryTest@4e9658b5]" started-at="2026-08-10T16:26:40 IST" name="verifyNavigationToCustomerServicePage" description="CA002_Verify a user can navigate to Customer Service page from Category navigation" finished-at="2026-08-10T16:26:44 IST" duration-ms="4331" status="PASS">
          <reporter-output>
          </reporter-output>
        </test-method> <!-- verifyNavigationToCustomerServicePage -->
        <test-method is-config="true" signature="tearDown()[pri:0, instance:com.company.categorytests.CategoryTest@4e9658b5]" started-at="2026-08-10T16:26:44 IST" name="tearDown" finished-at="2026-08-10T16:26:45 IST" duration-ms="406" status="PASS">
          <reporter-output>
          </reporter-output>
        </test-method> <!-- tearDown -->
        <test-method is-config="true" signature="setUp(java.lang.reflect.Method)[pri:0, instance:com.company.categorytests.CategoryTest@4e9658b5]" started-at="2026-08-10T16:26:45 IST" name="setUp" finished-at="2026-08-10T16:26:47 IST" duration-ms="2498" status="PASS">
          <params>
            <param index="0">
              <value>
                <![CDATA[public void com.company.categorytests.CategoryTest.verifyPrimeVideoSignInPage()]]>
              </value>
            </param>
          </params>
          <reporter-output>
          </reporter-output>
        </test-method> <!-- setUp -->
        <test-method signature="verifyPrimeVideoSignInPage()[pri:0, instance:com.company.categorytests.CategoryTest@4e9658b5]" started-at="2026-08-10T16:26:47 IST" name="verifyPrimeVideoSignInPage" description="CA004_Verify the user can navigate to sign in page from prime video category navigation" finished-at="2026-08-10T16:27:23 IST" duration-ms="35847" status="FAIL">
          <exception class="java.lang.AssertionError">
            <message>
              <![CDATA[SignIn to prime button should be displayed expected [true] but found [false]]]>
            </message>
            <full-stacktrace>
              <![CDATA[java.lang.AssertionError: SignIn to prime button should be displayed expected [true] but found [false]
at org.testng.Assert.fail(Assert.java:111)
at org.testng.Assert.failNotEquals(Assert.java:1578)
at org.testng.Assert.assertTrue(Assert.java:57)
at com.company.categorytests.CategoryTest.verifyPrimeVideoSignInPage(CategoryTest.java:45)
at java.base/jdk.internal.reflect.DirectMethodHandleAccessor.invoke(DirectMethodHandleAccessor.java:103)
at java.base/java.lang.reflect.Method.invoke(Method.java:580)
at org.testng.internal.invokers.MethodInvocationHelper.invokeMethod(MethodInvocationHelper.java:141)
at org.testng.internal.invokers.TestInvoker.invokeMethod(TestInvoker.java:686)
at org.testng.internal.invokers.TestInvoker.invokeTestMethod(TestInvoker.java:230)
at org.testng.internal.invokers.MethodRunner.runInSequence(MethodRunner.java:63)
at org.testng.internal.invokers.TestInvoker$MethodInvocationAgent.invoke(TestInvoker.java:992)
at org.testng.internal.invokers.TestInvoker.invokeTestMethods(TestInvoker.java:203)
at org.testng.internal.invokers.TestMethodWorker.invokeTestMethods(TestMethodWorker.java:154)
at org.testng.internal.invokers.TestMethodWorker.run(TestMethodWorker.java:134)
at java.base/java.util.ArrayList.forEach(ArrayList.java:1597)
at org.testng.TestRunner.privateRun(TestRunner.java:739)
at org.testng.TestRunner.run(TestRunner.java:614)
at org.testng.SuiteRunner.runTest(SuiteRunner.java:421)
at org.testng.SuiteRunner.runSequentially(SuiteRunner.java:413)
at org.testng.SuiteRunner.privateRun(SuiteRunner.java:373)
at org.testng.SuiteRunner.run(SuiteRunner.java:312)
at org.testng.SuiteRunnerWorker.runSuite(SuiteRunnerWorker.java:52)
at org.testng.SuiteRunnerWorker.run(SuiteRunnerWorker.java:95)
at org.testng.TestNG.runSuitesSequentially(TestNG.java:1274)
at org.testng.TestNG.runSuitesLocally(TestNG.java:1208)
at org.testng.TestNG.runSuites(TestNG.java:1112)
at org.testng.TestNG.run(TestNG.java:1079)
at org.testng.remote.AbstractRemoteTestNG.run(AbstractRemoteTestNG.java:115)
at org.testng.remote.RemoteTestNG.initAndRun(RemoteTestNG.java:293)
at org.testng.remote.RemoteTestNG.main(RemoteTestNG.java:91)
]]>
            </full-stacktrace>
          </exception> <!-- java.lang.AssertionError -->
          <reporter-output>
          </reporter-output>
        </test-method> <!-- verifyPrimeVideoSignInPage -->
        <test-method is-config="true" signature="tearDown()[pri:0, instance:com.company.categorytests.CategoryTest@4e9658b5]" started-at="2026-08-10T16:27:23 IST" name="tearDown" finished-at="2026-08-10T16:27:23 IST" duration-ms="496" status="PASS">
          <reporter-output>
          </reporter-output>
        </test-method> <!-- tearDown -->
        <test-method is-config="true" signature="setUp(java.lang.reflect.Method)[pri:0, instance:com.company.categorytests.CategoryTest@4e9658b5]" started-at="2026-08-10T16:27:23 IST" name="setUp" finished-at="2026-08-10T16:27:26 IST" duration-ms="2243" status="PASS">
          <params>
            <param index="0">
              <value>
                <![CDATA[public void com.company.categorytests.CategoryTest.verifySmartWatchPageFromMobileCategory()]]>
              </value>
            </param>
          </params>
          <reporter-output>
          </reporter-output>
        </test-method> <!-- setUp -->
        <test-method signature="verifySmartWatchPageFromMobileCategory()[pri:0, instance:com.company.categorytests.CategoryTest@4e9658b5]" started-at="2026-08-10T16:27:26 IST" name="verifySmartWatchPageFromMobileCategory" description="CA005_Verify the user can navigate to smart watch page from mobile category" finished-at="2026-08-10T16:27:49 IST" duration-ms="23014" status="PASS">
          <reporter-output>
          </reporter-output>
        </test-method> <!-- verifySmartWatchPageFromMobileCategory -->
        <test-method is-config="true" signature="tearDown()[pri:0, instance:com.company.categorytests.CategoryTest@4e9658b5]" started-at="2026-08-10T16:27:49 IST" name="tearDown" finished-at="2026-08-10T16:27:49 IST" duration-ms="700" status="PASS">
          <reporter-output>
          </reporter-output>
        </test-method> <!-- tearDown -->
        <test-method is-config="true" signature="afterSuite()[pri:0, instance:com.company.categorytests.CategoryTest@4e9658b5]" started-at="2026-08-10T16:27:49 IST" name="afterSuite" finished-at="2026-08-10T16:27:49 IST" duration-ms="3" status="PASS">
          <reporter-output>
          </reporter-output>
        </test-method> <!-- afterSuite -->
      </class> <!-- com.company.categorytests.CategoryTest -->
    </test> <!-- Default test -->
  </suite> <!-- Default suite -->
</testng-results>
