<?xml version="1.0" encoding="UTF-8"?>
<!-- Generated by org.testng.reporters.JUnitReportReporter -->
<testsuite hostname="DESKTOP-D4N01GG" failures="0" tests="6" name="com.company.searchModule.SearchPageTest$PartialKeywordSearchTest" time="64.823" errors="0" timestamp="2026-08-11T13:09:17 IST" skipped="0">
  <testcase classname="com.company.searchModule.SearchPageTest$PartialKeywordSearchTest" name="verifySearchWithPartialKeyword" time="9.174"/>
  <testcase classname="com.company.searchModule.SearchPageTest$PartialKeywordSearchTest" name="verifySearchWithPartialKeyword" time="11.685"/>
  <testcase classname="com.company.searchModule.SearchPageTest$PartialKeywordSearchTest" name="verifySearchWithPartialKeyword" time="13.825"/>
  <testcase classname="com.company.searchModule.SearchPageTest$PartialKeywordSearchTest" name="verifySearchWithPartialKeyword" time="9.550"/>
  <testcase classname="com.company.searchModule.SearchPageTest$PartialKeywordSearchTest" name="verifySearchWithPartialKeyword" time="10.118"/>
  <testcase classname="com.company.searchModule.SearchPageTest$PartialKeywordSearchTest" name="verifySearchWithPartialKeyword" time="10.471"/>
</testsuite> <!-- com.company.searchModule.SearchPageTest$PartialKeywordSearchTest -->
